2024-10-26 23:44:15,519 - INFO - Starting the application...
2024-10-26 23:44:15,535 - INFO - Loading models...
2024-10-26 23:44:16,011 - WARNING - From C:\Users\hp\AppData\Local\Programs\Python\Python312\Lib\site-packages\keras\src\backend\common\global_state.py:82: The name tf.reset_default_graph is deprecated. Please use tf.compat.v1.reset_default_graph instead.

2024-10-27 02:26:12,713 - INFO - Starting the application...
2024-10-27 02:26:12,722 - INFO - Loading models...
2024-10-27 02:26:13,282 - WARNING - From C:\Users\hp\AppData\Local\Programs\Python\Python312\Lib\site-packages\keras\src\backend\common\global_state.py:82: The name tf.reset_default_graph is deprecated. Please use tf.compat.v1.reset_default_graph instead.

2024-10-27 02:26:40,690 - INFO - Starting the application...
2024-10-27 02:26:40,701 - INFO - Loading models...
2024-10-27 02:26:42,184 - INFO - Starting the application...
2024-10-27 02:26:42,190 - INFO - Loading models...
2024-10-27 23:21:21,113 - INFO - Starting the application...
2024-10-27 23:21:21,116 - INFO - Loading models...
2024-10-27 23:21:22,310 - WARNING - Compiled the loaded model, but the compiled metrics have yet to be built. `model.compile_metrics` will be empty until you train or evaluate the model.
2024-10-27 23:21:22,344 - INFO - loading Word2Vec object from word2vec_model.bin
2024-10-27 23:21:22,376 - INFO - loading wv recursively from word2vec_model.bin.wv.* with mmap=None
2024-10-27 23:21:22,377 - INFO - setting ignored attribute cum_table to None
2024-10-27 23:21:22,519 - INFO - Word2Vec lifecycle event {'fname': 'word2vec_model.bin', 'datetime': '2024-10-27T23:21:22.410675', 'gensim': '4.3.3', 'python': '3.12.4 (tags/v3.12.4:8e8a4ba, Jun  6 2024, 19:30:16) [MSC v.1940 64 bit (AMD64)]', 'platform': 'Windows-10-10.0.19045-SP0', 'event': 'loaded'}
2024-10-27 23:21:22,519 - INFO - Models loaded successfully.
2024-10-27 23:21:22,877 - WARNING - From C:\Users\hp\AppData\Local\Programs\Python\Python312\Lib\site-packages\keras\src\backend\common\global_state.py:82: The name tf.reset_default_graph is deprecated. Please use tf.compat.v1.reset_default_graph instead.

2024-10-27 23:21:49,751 - INFO - Starting the application...
2024-10-27 23:21:53,035 - INFO - Starting the application...
2024-10-27 23:23:28,090 - INFO - Starting the application...
2024-10-27 23:23:40,273 - INFO - Starting the application...
2024-10-27 23:23:46,782 - INFO - Starting the application...
2024-10-27 23:23:55,448 - INFO - Starting the application...
2024-10-27 23:25:07,791 - INFO - Starting the application...
2024-10-27 23:25:34,762 - INFO - Starting the application...
2024-10-27 23:26:10,912 - INFO - Starting the application...
2024-10-27 23:26:16,506 - INFO - Starting the application...
2024-10-27 23:26:19,871 - INFO - Starting the application...
2024-10-27 23:26:25,540 - INFO - Prediction made: It's quite likely that your issue won't be disputed.
2024-10-27 23:28:49,990 - INFO - Starting the application...
2024-10-27 23:29:05,592 - INFO - Starting the application...
2024-10-27 23:29:09,560 - INFO - Prediction made: It's quite likely that your issue won't be disputed.
2024-10-27 23:31:59,591 - INFO - Starting the application...
2024-10-27 23:32:50,742 - INFO - Starting the application...
2024-10-27 23:32:50,747 - INFO - Loading models...
2024-10-27 23:32:52,137 - WARNING - Compiled the loaded model, but the compiled metrics have yet to be built. `model.compile_metrics` will be empty until you train or evaluate the model.
2024-10-27 23:32:52,176 - INFO - loading Word2Vec object from word2vec_model.bin
2024-10-27 23:32:52,181 - INFO - loading wv recursively from word2vec_model.bin.wv.* with mmap=None
2024-10-27 23:32:52,181 - INFO - setting ignored attribute cum_table to None
2024-10-27 23:32:52,292 - INFO - Word2Vec lifecycle event {'fname': 'word2vec_model.bin', 'datetime': '2024-10-27T23:32:52.227425', 'gensim': '4.3.3', 'python': '3.12.4 (tags/v3.12.4:8e8a4ba, Jun  6 2024, 19:30:16) [MSC v.1940 64 bit (AMD64)]', 'platform': 'Windows-10-10.0.19045-SP0', 'event': 'loaded'}
2024-10-27 23:32:52,292 - INFO - Models loaded successfully.
2024-10-27 23:32:52,583 - WARNING - From C:\Users\hp\AppData\Local\Programs\Python\Python312\Lib\site-packages\keras\src\backend\common\global_state.py:82: The name tf.reset_default_graph is deprecated. Please use tf.compat.v1.reset_default_graph instead.

2024-10-27 23:34:01,493 - INFO - Starting the application...
2024-10-27 23:40:15,530 - WARNING - From C:\Users\hp\AppData\Local\Programs\Python\Python312\Lib\site-packages\keras\src\backend\common\global_state.py:82: The name tf.reset_default_graph is deprecated. Please use tf.compat.v1.reset_default_graph instead.

2024-10-27 23:45:33,188 - WARNING - From C:\Users\hp\AppData\Local\Programs\Python\Python312\Lib\site-packages\keras\src\backend\common\global_state.py:82: The name tf.reset_default_graph is deprecated. Please use tf.compat.v1.reset_default_graph instead.

2024-10-27 23:48:03,645 - WARNING - From C:\Users\hp\AppData\Local\Programs\Python\Python312\Lib\site-packages\keras\src\backend\common\global_state.py:82: The name tf.reset_default_graph is deprecated. Please use tf.compat.v1.reset_default_graph instead.

2024-10-27 23:50:57,527 - WARNING - From C:\Users\hp\AppData\Local\Programs\Python\Python312\Lib\site-packages\keras\src\backend\common\global_state.py:82: The name tf.reset_default_graph is deprecated. Please use tf.compat.v1.reset_default_graph instead.

2024-10-27 23:55:33,314 - WARNING - From C:\Users\hp\AppData\Local\Programs\Python\Python312\Lib\site-packages\keras\src\backend\common\global_state.py:82: The name tf.reset_default_graph is deprecated. Please use tf.compat.v1.reset_default_graph instead.

2024-10-28 00:04:04,426 - WARNING - From C:\Users\hp\AppData\Local\Programs\Python\Python312\Lib\site-packages\keras\src\backend\common\global_state.py:82: The name tf.reset_default_graph is deprecated. Please use tf.compat.v1.reset_default_graph instead.

2024-10-28 00:06:46,362 - WARNING - From C:\Users\hp\AppData\Local\Programs\Python\Python312\Lib\site-packages\keras\src\backend\common\global_state.py:82: The name tf.reset_default_graph is deprecated. Please use tf.compat.v1.reset_default_graph instead.

2024-10-28 00:10:21,068 - WARNING - From C:\Users\hp\AppData\Local\Programs\Python\Python312\Lib\site-packages\keras\src\backend\common\global_state.py:82: The name tf.reset_default_graph is deprecated. Please use tf.compat.v1.reset_default_graph instead.

2024-10-28 00:16:15,368 - WARNING - From C:\Users\hp\AppData\Local\Programs\Python\Python312\Lib\site-packages\keras\src\backend\common\global_state.py:82: The name tf.reset_default_graph is deprecated. Please use tf.compat.v1.reset_default_graph instead.

2024-10-28 00:19:37,319 - WARNING - From C:\Users\hp\AppData\Local\Programs\Python\Python312\Lib\site-packages\keras\src\backend\common\global_state.py:82: The name tf.reset_default_graph is deprecated. Please use tf.compat.v1.reset_default_graph instead.

2024-10-28 00:21:38,702 - WARNING - From C:\Users\hp\AppData\Local\Programs\Python\Python312\Lib\site-packages\keras\src\backend\common\global_state.py:82: The name tf.reset_default_graph is deprecated. Please use tf.compat.v1.reset_default_graph instead.

2024-10-28 00:26:55,047 - WARNING - From C:\Users\hp\AppData\Local\Programs\Python\Python312\Lib\site-packages\keras\src\backend\common\global_state.py:82: The name tf.reset_default_graph is deprecated. Please use tf.compat.v1.reset_default_graph instead.

2024-10-28 00:31:52,743 - WARNING - From C:\Users\hp\AppData\Local\Programs\Python\Python312\Lib\site-packages\keras\src\backend\common\global_state.py:82: The name tf.reset_default_graph is deprecated. Please use tf.compat.v1.reset_default_graph instead.

2024-10-28 00:46:10,782 - WARNING - From C:\Users\hp\AppData\Local\Programs\Python\Python312\Lib\site-packages\keras\src\backend\common\global_state.py:82: The name tf.reset_default_graph is deprecated. Please use tf.compat.v1.reset_default_graph instead.

2024-10-28 15:24:20,225 - WARNING - From C:\Users\hp\AppData\Local\Programs\Python\Python312\Lib\site-packages\keras\src\backend\common\global_state.py:82: The name tf.reset_default_graph is deprecated. Please use tf.compat.v1.reset_default_graph instead.

